<?xml version="1.0" encoding="utf-8"?><testsuites><testsuite name="pytest" errors="0" failures="0" skipped="0" tests="3" time="1.190" timestamp="2024-03-22T03:17:17.416331" hostname="c5d8b44b980b"><testcase classname="tests.test_prediction" name="test_single_pred_not_none" time="0.021" /><testcase classname="tests.test_prediction" name="test_single_pred_str_type" time="0.024" /><testcase classname="tests.test_prediction" name="test_single_pred_validate" time="0.021" /></testsuite></testsuites>